<?xml version="1.0" encoding="UTF-8"?>
<testsuite name="PowerFinderTest" tests="5" skipped="0" failures="0" errors="0" timestamp="2022-03-11T07:10:09" hostname="STRIX" time="0.016">
  <properties/>
  <testcase name="twoPowerTwoIsFour()" classname="PowerFinderTest" time="0.011"/>
  <testcase name="onePowerZeroIsOne()" classname="PowerFinderTest" time="0.0"/>
  <testcase name="twoPowerOneIsTwo()" classname="PowerFinderTest" time="0.001"/>
  <testcase name="threePowerTwoIsNine()" classname="PowerFinderTest" time="0.001"/>
  <testcase name="onePowerOneIsOne()" classname="PowerFinderTest" time="0.0"/>
  <system-out><![CDATA[]]></system-out>
  <system-err><![CDATA[]]></system-err>
</testsuite>
