<?xml version="1.0" encoding="UTF-8"?>
<testsuite name="PowerFinderTest" tests="4" skipped="0" failures="0" errors="0" timestamp="2022-03-10T18:53:34" hostname="STRIX" time="0.025">
  <properties/>
  <testcase name="power_of_2_and_3_Is_SIX()" classname="PowerFinderTest" time="0.019"/>
  <testcase name="two_power_2_is_4()" classname="PowerFinderTest" time="0.001"/>
  <testcase name="one_raised_to_one_is_one_is_1()" classname="PowerFinderTest" time="0.001"/>
  <testcase name="twoRaised_to_one_is_2()" classname="PowerFinderTest" time="0.001"/>
  <system-out><![CDATA[]]></system-out>
  <system-err><![CDATA[]]></system-err>
</testsuite>
